smartCar-Apk/build/outputs/logs/manifest-merger-debug-report.txt
-- Merging decision tree log ---
manifest
ADDED from aws-sdk-android-samples-master/AndroidPubSubWebSocket/AndroidManifest.xml:2:1-35:12
INJECTED from aws-sdk-android-samples-master/AndroidPubSubWebSocket/AndroidManifest.xml:2:1-35:12
INJECTED from aws-sdk-android-samples-master/AndroidPubSubWebSocket/AndroidManifest.xml:2:1-35:12
MERGED from [com.android.support:design:25.4.0] AndroidManifest.xml:17:1-31:12
MERGED from [com.android.support:appcompat-v7:25.4.0] AndroidManifest.xml:17:1-31:12
MERGED from [com.android.support.constraint:constraint-layout:1.1.3] AndroidManifest.xml:2:1-11:12
MERGED from [com.android.support:animated-vector-drawable:25.4.0] AndroidManifest.xml:17:1-28:12
MERGED from [com.android.support:support-vector-drawable:25.4.0] AndroidManifest.xml:17:1-28:12
MERGED from [com.android.support:recyclerview-v7:25.4.0] AndroidManifest.xml:17:1-28:12
MERGED from [com.android.support:transition:25.4.0] AndroidManifest.xml:17:1-28:12
MERGED from [com.android.support:support-v4:25.4.0] AndroidManifest.xml:17:1-31:12
MERGED from [com.android.support:support-fragment:25.4.0] AndroidManifest.xml:17:1-31:12
MERGED from [com.android.support:support-media-compat:25.4.0] AndroidManifest.xml:17:1-31:12
MERGED from [com.android.support:support-core-utils:25.4.0] AndroidManifest.xml:17:1-31:12
MERGED from [com.android.support:support-core-ui:25.4.0] AndroidManifest.xml:17:1-31:12
MERGED from [com.android.support:support-compat:25.4.0] AndroidManifest.xml:17:1-31:12
INJECTED from aws-sdk-android-samples-master/AndroidPubSubWebSocket/AndroidManifest.xml:2:1-35:12
INJECTED from aws-sdk-android-samples-master/AndroidPubSubWebSocket/AndroidManifest.xml:2:1-35:12
	package
		ADDED from aws-sdk-android-samples-master/AndroidPubSubWebSocket/AndroidManifest.xml:3:5-56
	android:versionName
		ADDED from aws-sdk-android-samples-master/AndroidPubSubWebSocket/AndroidManifest.xml:5:5-30
		INJECTED from aws-sdk-android-samples-master/AndroidPubSubWebSocket/AndroidManifest.xml
		INJECTED from aws-sdk-android-samples-master/AndroidPubSubWebSocket/AndroidManifest.xml
	xmlns:android
		ADDED from aws-sdk-android-samples-master/AndroidPubSubWebSocket/AndroidManifest.xml:2:11-69
	android:versionCode
		ADDED from aws-sdk-android-samples-master/AndroidPubSubWebSocket/AndroidManifest.xml:4:5-28
		INJECTED from aws-sdk-android-samples-master/AndroidPubSubWebSocket/AndroidManifest.xml
		INJECTED from aws-sdk-android-samples-master/AndroidPubSubWebSocket/AndroidManifest.xml
uses-feature#android.hardware.camera
ADDED from aws-sdk-android-samples-master/AndroidPubSubWebSocket/AndroidManifest.xml:7:5-60
	android:name
		ADDED from aws-sdk-android-samples-master/AndroidPubSubWebSocket/AndroidManifest.xml:7:19-57
uses-permission#android.permission.INTERNET
ADDED from aws-sdk-android-samples-master/AndroidPubSubWebSocket/AndroidManifest.xml:9:5-67
	android:name
		ADDED from aws-sdk-android-samples-master/AndroidPubSubWebSocket/AndroidManifest.xml:9:22-64
uses-permission#android.permission.WRITE_EXTERNAL_STORAGE
ADDED from aws-sdk-android-samples-master/AndroidPubSubWebSocket/AndroidManifest.xml:10:5-81
	android:name
		ADDED from aws-sdk-android-samples-master/AndroidPubSubWebSocket/AndroidManifest.xml:10:22-78
uses-permission#android.permission.READ_PHONE_STATE
ADDED from aws-sdk-android-samples-master/AndroidPubSubWebSocket/AndroidManifest.xml:11:5-75
	android:name
		ADDED from aws-sdk-android-samples-master/AndroidPubSubWebSocket/AndroidManifest.xml:11:22-72
uses-permission#android.permission.READ_EXTERNAL_STORAGE
ADDED from aws-sdk-android-samples-master/AndroidPubSubWebSocket/AndroidManifest.xml:12:5-80
	android:name
		ADDED from aws-sdk-android-samples-master/AndroidPubSubWebSocket/AndroidManifest.xml:12:22-77
uses-permission#android.permission.CAMERA
ADDED from aws-sdk-android-samples-master/AndroidPubSubWebSocket/AndroidManifest.xml:13:5-65
	android:name
		ADDED from aws-sdk-android-samples-master/AndroidPubSubWebSocket/AndroidManifest.xml:13:22-62
uses-permission#android.permission.MODIFY_AUDIO_SETTINGS
ADDED from aws-sdk-android-samples-master/AndroidPubSubWebSocket/AndroidManifest.xml:14:5-80
	android:name
		ADDED from aws-sdk-android-samples-master/AndroidPubSubWebSocket/AndroidManifest.xml:14:22-77
application
ADDED from aws-sdk-android-samples-master/AndroidPubSubWebSocket/AndroidManifest.xml:18:5-33:19
MERGED from [com.android.support:design:25.4.0] AndroidManifest.xml:25:5-29:19
MERGED from [com.android.support:design:25.4.0] AndroidManifest.xml:25:5-29:19
MERGED from [com.android.support:appcompat-v7:25.4.0] AndroidManifest.xml:25:5-29:19
MERGED from [com.android.support:appcompat-v7:25.4.0] AndroidManifest.xml:25:5-29:19
MERGED from [com.android.support.constraint:constraint-layout:1.1.3] AndroidManifest.xml:9:5-20
MERGED from [com.android.support.constraint:constraint-layout:1.1.3] AndroidManifest.xml:9:5-20
MERGED from [com.android.support:animated-vector-drawable:25.4.0] AndroidManifest.xml:22:5-26:19
MERGED from [com.android.support:animated-vector-drawable:25.4.0] AndroidManifest.xml:22:5-26:19
MERGED from [com.android.support:support-vector-drawable:25.4.0] AndroidManifest.xml:22:5-26:19
MERGED from [com.android.support:support-vector-drawable:25.4.0] AndroidManifest.xml:22:5-26:19
MERGED from [com.android.support:recyclerview-v7:25.4.0] AndroidManifest.xml:22:5-26:19
MERGED from [com.android.support:recyclerview-v7:25.4.0] AndroidManifest.xml:22:5-26:19
MERGED from [com.android.support:transition:25.4.0] AndroidManifest.xml:22:5-26:19
MERGED from [com.android.support:transition:25.4.0] AndroidManifest.xml:22:5-26:19
MERGED from [com.android.support:support-v4:25.4.0] AndroidManifest.xml:25:5-29:19
MERGED from [com.android.support:support-v4:25.4.0] AndroidManifest.xml:25:5-29:19
MERGED from [com.android.support:support-fragment:25.4.0] AndroidManifest.xml:25:5-29:19
MERGED from [com.android.support:support-fragment:25.4.0] AndroidManifest.xml:25:5-29:19
MERGED from [com.android.support:support-media-compat:25.4.0] AndroidManifest.xml:25:5-29:19
MERGED from [com.android.support:support-media-compat:25.4.0] AndroidManifest.xml:25:5-29:19
MERGED from [com.android.support:support-core-utils:25.4.0] AndroidManifest.xml:25:5-29:19
MERGED from [com.android.support:support-core-utils:25.4.0] AndroidManifest.xml:25:5-29:19
MERGED from [com.android.support:support-core-ui:25.4.0] AndroidManifest.xml:25:5-29:19
MERGED from [com.android.support:support-core-ui:25.4.0] AndroidManifest.xml:25:5-29:19
MERGED from [com.android.support:support-compat:25.4.0] AndroidManifest.xml:25:5-29:19
MERGED from [com.android.support:support-compat:25.4.0] AndroidManifest.xml:25:5-29:19
	android:label
		ADDED from aws-sdk-android-samples-master/AndroidPubSubWebSocket/AndroidManifest.xml:21:9-33
	android:icon
		ADDED from aws-sdk-android-samples-master/AndroidPubSubWebSocket/AndroidManifest.xml:20:9-46
	android:allowBackup
		ADDED from aws-sdk-android-samples-master/AndroidPubSubWebSocket/AndroidManifest.xml:19:9-35
activity#com.amazonaws.demo.androidpubsubwebsocket.PubSubActivity
ADDED from aws-sdk-android-samples-master/AndroidPubSubWebSocket/AndroidManifest.xml:22:9-28:20
	android:name
		ADDED from aws-sdk-android-samples-master/AndroidPubSubWebSocket/AndroidManifest.xml:22:19-49
intent-filter#action:name:android.intent.action.MAIN+category:name:android.intent.category.LAUNCHER
ADDED from aws-sdk-android-samples-master/AndroidPubSubWebSocket/AndroidManifest.xml:23:13-27:29
action#android.intent.action.MAIN
ADDED from aws-sdk-android-samples-master/AndroidPubSubWebSocket/AndroidManifest.xml:24:17-69
	android:name
		ADDED from aws-sdk-android-samples-master/AndroidPubSubWebSocket/AndroidManifest.xml:24:25-66
category#android.intent.category.LAUNCHER
ADDED from aws-sdk-android-samples-master/AndroidPubSubWebSocket/AndroidManifest.xml:26:17-77
	android:name
		ADDED from aws-sdk-android-samples-master/AndroidPubSubWebSocket/AndroidManifest.xml:26:27-74
activity#com.amazonaws.demo.androidpubsubwebsocket.movement
ADDED from aws-sdk-android-samples-master/AndroidPubSubWebSocket/AndroidManifest.xml:29:9-32:68
	android:label
		ADDED from aws-sdk-android-samples-master/AndroidPubSubWebSocket/AndroidManifest.xml:31:13-60
	android:theme
		ADDED from aws-sdk-android-samples-master/AndroidPubSubWebSocket/AndroidManifest.xml:32:13-56
	android:name
		ADDED from aws-sdk-android-samples-master/AndroidPubSubWebSocket/AndroidManifest.xml:30:13-37
uses-sdk
INJECTED from aws-sdk-android-samples-master/AndroidPubSubWebSocket/AndroidManifest.xml reason: use-sdk injection requested
INJECTED from aws-sdk-android-samples-master/AndroidPubSubWebSocket/AndroidManifest.xml
INJECTED from aws-sdk-android-samples-master/AndroidPubSubWebSocket/AndroidManifest.xml
MERGED from [com.android.support:design:25.4.0] AndroidManifest.xml:21:5-23:62
MERGED from [com.android.support:design:25.4.0] AndroidManifest.xml:21:5-23:62
MERGED from [com.android.support:appcompat-v7:25.4.0] AndroidManifest.xml:21:5-23:78
MERGED from [com.android.support:appcompat-v7:25.4.0] AndroidManifest.xml:21:5-23:78
MERGED from [com.android.support.constraint:constraint-layout:1.1.3] AndroidManifest.xml:5:5-7:41
MERGED from [com.android.support.constraint:constraint-layout:1.1.3] AndroidManifest.xml:5:5-7:41
MERGED from [com.android.support:animated-vector-drawable:25.4.0] AndroidManifest.xml:20:5-44
MERGED from [com.android.support:animated-vector-drawable:25.4.0] AndroidManifest.xml:20:5-44
MERGED from [com.android.support:support-vector-drawable:25.4.0] AndroidManifest.xml:20:5-43
MERGED from [com.android.support:support-vector-drawable:25.4.0] AndroidManifest.xml:20:5-43
MERGED from [com.android.support:recyclerview-v7:25.4.0] AndroidManifest.xml:20:5-43
MERGED from [com.android.support:recyclerview-v7:25.4.0] AndroidManifest.xml:20:5-43
MERGED from [com.android.support:transition:25.4.0] AndroidManifest.xml:20:5-44
MERGED from [com.android.support:transition:25.4.0] AndroidManifest.xml:20:5-44
MERGED from [com.android.support:support-v4:25.4.0] AndroidManifest.xml:21:5-23:54
MERGED from [com.android.support:support-v4:25.4.0] AndroidManifest.xml:21:5-23:54
MERGED from [com.android.support:support-fragment:25.4.0] AndroidManifest.xml:21:5-23:60
MERGED from [com.android.support:support-fragment:25.4.0] AndroidManifest.xml:21:5-23:60
MERGED from [com.android.support:support-media-compat:25.4.0] AndroidManifest.xml:21:5-23:63
MERGED from [com.android.support:support-media-compat:25.4.0] AndroidManifest.xml:21:5-23:63
MERGED from [com.android.support:support-core-utils:25.4.0] AndroidManifest.xml:21:5-23:61
MERGED from [com.android.support:support-core-utils:25.4.0] AndroidManifest.xml:21:5-23:61
MERGED from [com.android.support:support-core-ui:25.4.0] AndroidManifest.xml:21:5-23:58
MERGED from [com.android.support:support-core-ui:25.4.0] AndroidManifest.xml:21:5-23:58
MERGED from [com.android.support:support-compat:25.4.0] AndroidManifest.xml:21:5-23:58
MERGED from [com.android.support:support-compat:25.4.0] AndroidManifest.xml:21:5-23:58
INJECTED from aws-sdk-android-samples-master/AndroidPubSubWebSocket/AndroidManifest.xml
INJECTED from aws-sdk-android-samples-master/AndroidPubSubWebSocket/AndroidManifest.xml
	tools:overrideLibrary
		ADDED from [com.android.support:design:25.4.0] AndroidManifest.xml:23:9-59
	android:targetSdkVersion
		INJECTED from aws-sdk-android-samples-master/AndroidPubSubWebSocket/AndroidManifest.xml
		ADDED from aws-sdk-android-samples-master/AndroidPubSubWebSocket/AndroidManifest.xml
		INJECTED from aws-sdk-android-samples-master/AndroidPubSubWebSocket/AndroidManifest.xml
	android:minSdkVersion
		INJECTED from aws-sdk-android-samples-master/AndroidPubSubWebSocket/AndroidManifest.xml
		ADDED from aws-sdk-android-samples-master/AndroidPubSubWebSocket/AndroidManifest.xml
		INJECTED from aws-sdk-android-samples-master/AndroidPubSubWebSocket/AndroidManifest.xml
meta-data#android.support.VERSION
ADDED from [com.android.support:design:25.4.0] AndroidManifest.xml:26:9-28:38
MERGED from [com.android.support:appcompat-v7:25.4.0] AndroidManifest.xml:26:9-28:38
MERGED from [com.android.support:appcompat-v7:25.4.0] AndroidManifest.xml:26:9-28:38
MERGED from [com.android.support:animated-vector-drawable:25.4.0] AndroidManifest.xml:23:9-25:38
MERGED from [com.android.support:animated-vector-drawable:25.4.0] AndroidManifest.xml:23:9-25:38
MERGED from [com.android.support:support-vector-drawable:25.4.0] AndroidManifest.xml:23:9-25:38
MERGED from [com.android.support:support-vector-drawable:25.4.0] AndroidManifest.xml:23:9-25:38
MERGED from [com.android.support:recyclerview-v7:25.4.0] AndroidManifest.xml:23:9-25:38
MERGED from [com.android.support:recyclerview-v7:25.4.0] AndroidManifest.xml:23:9-25:38
MERGED from [com.android.support:transition:25.4.0] AndroidManifest.xml:23:9-25:38
MERGED from [com.android.support:transition:25.4.0] AndroidManifest.xml:23:9-25:38
MERGED from [com.android.support:support-v4:25.4.0] AndroidManifest.xml:26:9-28:38
MERGED from [com.android.support:support-v4:25.4.0] AndroidManifest.xml:26:9-28:38
MERGED from [com.android.support:support-fragment:25.4.0] AndroidManifest.xml:26:9-28:38
MERGED from [com.android.support:support-fragment:25.4.0] AndroidManifest.xml:26:9-28:38
MERGED from [com.android.support:support-media-compat:25.4.0] AndroidManifest.xml:26:9-28:38
MERGED from [com.android.support:support-media-compat:25.4.0] AndroidManifest.xml:26:9-28:38
MERGED from [com.android.support:support-core-utils:25.4.0] AndroidManifest.xml:26:9-28:38
MERGED from [com.android.support:support-core-utils:25.4.0] AndroidManifest.xml:26:9-28:38
MERGED from [com.android.support:support-core-ui:25.4.0] AndroidManifest.xml:26:9-28:38
MERGED from [com.android.support:support-core-ui:25.4.0] AndroidManifest.xml:26:9-28:38
MERGED from [com.android.support:support-compat:25.4.0] AndroidManifest.xml:26:9-28:38
MERGED from [com.android.support:support-compat:25.4.0] AndroidManifest.xml:26:9-28:38
	android:value
		ADDED from [com.android.support:design:25.4.0] AndroidManifest.xml:28:13-35
	android:name
		ADDED from [com.android.support:design:25.4.0] AndroidManifest.xml:27:13-51